2026-04-04 13:17:14,550 [INFO] Targets: 1 | Est: 0.0h | Tracks: 1
2026-04-04 13:17:14,552 [INFO] Targets: 1 total, 0 done, 1 remaining
2026-04-04 13:17:16,234 [INFO] Browser launched | UA: ...like Gecko) Version/17.2 Safari/605.1.15 | Viewport: 1280x800
2026-04-04 13:17:49,884 [ERROR] PDF parse error: No /Root object! - Is this really a PDF?
2026-04-04 13:17:50,027 [ERROR] PDF parse error: No /Root object! - Is this really a PDF?
2026-04-04 13:17:50,142 [ERROR] PDF parse error: No /Root object! - Is this really a PDF?
2026-04-04 13:17:50,518 [ERROR] PDF parse error: No /Root object! - Is this really a PDF?
2026-04-04 13:17:50,683 [ERROR] PDF parse error: No /Root object! - Is this really a PDF?
2026-04-04 13:17:51,292 [ERROR] PDF parse error: No /Root object! - Is this really a PDF?
2026-04-04 13:17:51,496 [ERROR] PDF parse error: No /Root object! - Is this really a PDF?
2026-04-04 13:17:51,607 [ERROR] PDF parse error: No /Root object! - Is this really a PDF?
2026-04-04 13:17:51,744 [ERROR] PDF parse error: No /Root object! - Is this really a PDF?
2026-04-04 13:17:51,898 [ERROR] PDF parse error: No /Root object! - Is this really a PDF?
2026-04-04 13:17:52,091 [ERROR] PDF parse error: No /Root object! - Is this really a PDF?
2026-04-04 13:17:52,229 [ERROR] PDF parse error: No /Root object! - Is this really a PDF?
2026-04-04 13:17:52,359 [ERROR] PDF parse error: No /Root object! - Is this really a PDF?
2026-04-04 13:17:52,492 [ERROR] PDF parse error: No /Root object! - Is this really a PDF?
2026-04-04 13:17:52,691 [ERROR] PDF parse error: No /Root object! - Is this really a PDF?
2026-04-04 13:17:52,907 [ERROR] PDF parse error: No /Root object! - Is this really a PDF?
2026-04-04 13:17:53,040 [ERROR] PDF parse error: No /Root object! - Is this really a PDF?
2026-04-04 13:17:53,194 [ERROR] PDF parse error: No /Root object! - Is this really a PDF?
2026-04-04 13:17:53,329 [ERROR] PDF parse error: No /Root object! - Is this really a PDF?
2026-04-04 13:17:53,627 [ERROR] PDF parse error: No /Root object! - Is this really a PDF?
2026-04-04 13:17:53,863 [ERROR] PDF parse error: No /Root object! - Is this really a PDF?
2026-04-04 13:17:54,025 [ERROR] PDF parse error: No /Root object! - Is this really a PDF?
2026-04-04 13:17:54,239 [ERROR] PDF parse error: No /Root object! - Is this really a PDF?
2026-04-04 13:19:23,257 [INFO] 
==================================================
2026-04-04 13:19:23,257 [INFO] DONE | Pages: 1 | Entries: 0 | PDFs: 0 | Errors: 0
2026-04-04 13:19:23,257 [INFO] Output: test_scrape.csv
2026-04-04 13:19:23,257 [INFO] ==================================================
2026-04-04 23:53:41,727 [INFO] Targets: 1 | Est: 0.0h | Tracks: 1
2026-04-04 23:53:41,730 [INFO] Targets: 1 total, 0 done, 1 remaining
2026-04-04 23:54:06,931 [INFO] Browser launched | UA: ...ke Gecko) Chrome/121.0.0.0 Safari/537.36 | Viewport: 1366x768
2026-04-04 23:54:06,932 [INFO] [KEE 2023-04-07] Trying summary URL: https://www.equibase.com/static/chart/summary/KEE040723USA-EQB.html
2026-04-04 23:54:11,277 [INFO] Trying race card index: https://www.equibase.com/static/chart/summary/RaceCardIndexKEE040723USA-EQB.html
2026-04-04 23:54:15,653 [INFO] Trying premium chart embed: https://www.equibase.com/premium/chartEmb.cfm?track=KEE&raceDate=04/07/2023&cy=USA
2026-04-04 23:54:21,109 [INFO] Trying premium chart index: https://www.equibase.com/premium/eqbPDFChartPlusIndex.cfm?tid=KEE&dt=04/07/2023&ctry=USA
2026-04-04 23:54:32,055 [WARNING] All navigation attempts failed for KEE 2023-04-07
2026-04-04 23:54:39,404 [INFO] 
==================================================
2026-04-04 23:54:39,405 [INFO] DONE | Pages: 1 | Entries: 0 | PDFs: 0 | Errors: 0
2026-04-04 23:54:39,405 [INFO] Output: test_scrape.csv
2026-04-04 23:54:39,405 [INFO] ==================================================
2026-04-04 23:57:28,944 [INFO] Targets: 1 | Est: 0.0h | Tracks: 1
2026-04-04 23:57:28,961 [INFO] Checkpoint: 1 done, 0 entries
2026-04-04 23:57:28,963 [INFO] Targets: 1 total, 1 done, 0 remaining
2026-04-04 23:57:29,817 [INFO] Using real Chrome profile: C:\Users\shubh\AppData\Local\Google\Chrome\User Data
2026-04-04 23:57:30,695 [WARNING] Failed to use Chrome profile (is Chrome still open?): BrowserType.launch_persistent_context: Target page, context or browser has been closed
Browser logs:

<launching> C:\Program Files\Google\Chrome\Application\chrome.exe --disable-field-trial-config --disable-background-networking --disable-background-timer-throttling --disable-backgrounding-occluded-windows --disable-back-forward-cache --disable-breakpad --disable-client-side-phishing-detection --disable-component-extensions-with-background-pages --disable-component-update --no-default-browser-check --disable-default-apps --disable-dev-shm-usage --disable-extensions --disable-features=AvoidUnnecessaryBeforeUnloadCheckSync,BoundaryEventDispatchTracksNodeRemoval,DestroyProfileOnBrowserClose,DialMediaRouteProvider,GlobalMediaControls,HttpsUpgrades,LensOverlay,MediaRouter,PaintHolding,ThirdPartyStoragePartitioning,Translate,AutoDeElevate,RenderDocument,OptimizationHints --enable-features=CDPScreenshotNewSurface --allow-pre-commit-input --disable-hang-monitor --disable-ipc-flooding-protection --disable-popup-blocking --disable-prompt-on-repost --disable-renderer-backgrounding --force-color-profile=srgb --metrics-recording-only --no-first-run --password-store=basic --use-mock-keychain --no-service-autorun --export-tagged-pdf --disable-search-engine-choice-screen --unsafely-disable-devtools-self-xss-warnings --edge-skip-compat-layer-relaunch --enable-automation --disable-infobars --disable-search-engine-choice-screen --disable-sync --enable-unsafe-swiftshader --no-sandbox --disable-blink-features=AutomationControlled --no-sandbox --user-data-dir=C:\Users\shubh\AppData\Local\Google\Chrome\User Data --remote-debugging-pipe about:blank
<launched> pid=58448
Call log:
  - <launching> C:\Program Files\Google\Chrome\Application\chrome.exe --disable-field-trial-config --disable-background-networking --disable-background-timer-throttling --disable-backgrounding-occluded-windows --disable-back-forward-cache --disable-breakpad --disable-client-side-phishing-detection --disable-component-extensions-with-background-pages --disable-component-update --no-default-browser-check --disable-default-apps --disable-dev-shm-usage --disable-extensions --disable-features=AvoidUnnecessaryBeforeUnloadCheckSync,BoundaryEventDispatchTracksNodeRemoval,DestroyProfileOnBrowserClose,DialMediaRouteProvider,GlobalMediaControls,HttpsUpgrades,LensOverlay,MediaRouter,PaintHolding,ThirdPartyStoragePartitioning,Translate,AutoDeElevate,RenderDocument,OptimizationHints --enable-features=CDPScreenshotNewSurface --allow-pre-commit-input --disable-hang-monitor --disable-ipc-flooding-protection --disable-popup-blocking --disable-prompt-on-repost --disable-renderer-backgrounding --force-color-profile=srgb --metrics-recording-only --no-first-run --password-store=basic --use-mock-keychain --no-service-autorun --export-tagged-pdf --disable-search-engine-choice-screen --unsafely-disable-devtools-self-xss-warnings --edge-skip-compat-layer-relaunch --enable-automation --disable-infobars --disable-search-engine-choice-screen --disable-sync --enable-unsafe-swiftshader --no-sandbox --disable-blink-features=AutomationControlled --no-sandbox --user-data-dir=C:\Users\shubh\AppData\Local\Google\Chrome\User Data --remote-debugging-pipe about:blank
  - <launched> pid=58448
  - [pid=58448] <gracefully close start>
  - [pid=58448] <kill>
  - [pid=58448] <will force kill>
  - [pid=58448] taskkill stderr: ERROR: The process "58448" not found.
  - [pid=58448] <process did exit: exitCode=21, signal=null>
  - [pid=58448] starting temporary directories cleanup
  - [pid=58448] finished temporary directories cleanup
  - [pid=58448] <gracefully close end>

2026-04-04 23:57:30,696 [WARNING] Falling back to fresh browser -- close Chrome and retry for best results
2026-04-04 23:57:30,699 [WARNING] Using fresh browser (no Chrome profile) -- bot detection may trigger
2026-04-04 23:57:31,427 [INFO] Browser launched | UA: ...; rv:122.0) Gecko/20100101 Firefox/122.0 | Viewport: 1536x864
2026-04-04 23:57:32,668 [INFO] 
==================================================
2026-04-04 23:57:32,668 [INFO] DONE | Pages: 1 | Entries: 0 | PDFs: 0 | Errors: 0
2026-04-04 23:57:32,668 [INFO] Output: test_scrape.csv
2026-04-04 23:57:32,669 [INFO] ==================================================
2026-04-04 23:59:05,170 [INFO] Targets: 1 | Est: 0.0h | Tracks: 1
2026-04-04 23:59:05,172 [INFO] Targets: 1 total, 0 done, 1 remaining
2026-04-04 23:59:05,879 [INFO] Using real Chrome profile: C:\Users\shubh\AppData\Local\Google\Chrome\User Data
2026-04-04 23:59:09,312 [WARNING] Failed to use Chrome profile (is Chrome still open?): BrowserType.launch_persistent_context: Target page, context or browser has been closed
Browser logs:

<launching> C:\Program Files\Google\Chrome\Application\chrome.exe --disable-field-trial-config --disable-background-networking --disable-background-timer-throttling --disable-backgrounding-occluded-windows --disable-back-forward-cache --disable-breakpad --disable-client-side-phishing-detection --disable-component-extensions-with-background-pages --disable-component-update --no-default-browser-check --disable-default-apps --disable-dev-shm-usage --disable-extensions --disable-features=AvoidUnnecessaryBeforeUnloadCheckSync,BoundaryEventDispatchTracksNodeRemoval,DestroyProfileOnBrowserClose,DialMediaRouteProvider,GlobalMediaControls,HttpsUpgrades,LensOverlay,MediaRouter,PaintHolding,ThirdPartyStoragePartitioning,Translate,AutoDeElevate,RenderDocument,OptimizationHints --enable-features=CDPScreenshotNewSurface --allow-pre-commit-input --disable-hang-monitor --disable-ipc-flooding-protection --disable-popup-blocking --disable-prompt-on-repost --disable-renderer-backgrounding --force-color-profile=srgb --metrics-recording-only --no-first-run --password-store=basic --use-mock-keychain --no-service-autorun --export-tagged-pdf --disable-search-engine-choice-screen --unsafely-disable-devtools-self-xss-warnings --edge-skip-compat-layer-relaunch --enable-automation --disable-infobars --disable-search-engine-choice-screen --disable-sync --enable-unsafe-swiftshader --no-sandbox --disable-blink-features=AutomationControlled --no-sandbox --user-data-dir=C:\Users\shubh\AppData\Local\Google\Chrome\User Data --remote-debugging-pipe about:blank
<launched> pid=14456
Call log:
  - <launching> C:\Program Files\Google\Chrome\Application\chrome.exe --disable-field-trial-config --disable-background-networking --disable-background-timer-throttling --disable-backgrounding-occluded-windows --disable-back-forward-cache --disable-breakpad --disable-client-side-phishing-detection --disable-component-extensions-with-background-pages --disable-component-update --no-default-browser-check --disable-default-apps --disable-dev-shm-usage --disable-extensions --disable-features=AvoidUnnecessaryBeforeUnloadCheckSync,BoundaryEventDispatchTracksNodeRemoval,DestroyProfileOnBrowserClose,DialMediaRouteProvider,GlobalMediaControls,HttpsUpgrades,LensOverlay,MediaRouter,PaintHolding,ThirdPartyStoragePartitioning,Translate,AutoDeElevate,RenderDocument,OptimizationHints --enable-features=CDPScreenshotNewSurface --allow-pre-commit-input --disable-hang-monitor --disable-ipc-flooding-protection --disable-popup-blocking --disable-prompt-on-repost --disable-renderer-backgrounding --force-color-profile=srgb --metrics-recording-only --no-first-run --password-store=basic --use-mock-keychain --no-service-autorun --export-tagged-pdf --disable-search-engine-choice-screen --unsafely-disable-devtools-self-xss-warnings --edge-skip-compat-layer-relaunch --enable-automation --disable-infobars --disable-search-engine-choice-screen --disable-sync --enable-unsafe-swiftshader --no-sandbox --disable-blink-features=AutomationControlled --no-sandbox --user-data-dir=C:\Users\shubh\AppData\Local\Google\Chrome\User Data --remote-debugging-pipe about:blank
  - <launched> pid=14456
  - [pid=14456] <gracefully close start>
  - [pid=14456] <kill>
  - [pid=14456] <will force kill>
  - [pid=14456] taskkill stdout: SUCCESS: The process with PID 57860 (child process of PID 14456) has been terminated.
  - [pid=14456] taskkill stderr: ERROR: The process with PID 30800 (child process of PID 14456) could not be terminated.
Reason: There is no running instance of the task.
ERROR: The process with PID 41740 (child process of PID 14456) could not be terminated.
Reason: There is no running instance of the task.
ERROR: The process with PID 14456 (child process of PID 54524) could not be terminated.
Reason: There is no running instance of the task.
  - [pid=14456] <process did exit: exitCode=0, signal=null>
  - [pid=14456] starting temporary directories cleanup
  - [pid=14456] finished temporary directories cleanup
  - [pid=14456] <gracefully close end>

2026-04-04 23:59:09,313 [WARNING] Falling back to fresh browser -- close Chrome and retry for best results
2026-04-04 23:59:09,314 [WARNING] Using fresh browser (no Chrome profile) -- bot detection may trigger
2026-04-04 23:59:09,974 [INFO] Browser launched | UA: ...ke Gecko) Chrome/122.0.0.0 Safari/537.36 | Viewport: 1920x1080
2026-04-04 23:59:09,974 [INFO] [KEE 2023-04-07] Trying summary URL: https://www.equibase.com/static/chart/summary/KEE040723USA-EQB.html
2026-04-04 23:59:13,256 [INFO] Summary -> landed on: https://www.equibase.com/static/chart/summary/KEE040723USA-EQB.html
2026-04-04 23:59:13,316 [INFO] Summary: No data detected. Page text: 
2026-04-04 23:59:13,318 [INFO] Trying race card index: https://www.equibase.com/static/chart/summary/RaceCardIndexKEE040723USA-EQB.html
2026-04-04 23:59:16,619 [INFO] Race card index -> landed on: https://www.equibase.com/static/chart/summary/RaceCardIndexKEE040723USA-EQB.html
2026-04-04 23:59:16,648 [INFO] Race card index: No data detected. Page text: 
2026-04-04 23:59:16,649 [INFO] Trying premium chart embed: https://www.equibase.com/premium/chartEmb.cfm?track=KEE&raceDate=04/07/2023&cy=USA
2026-04-04 23:59:19,988 [INFO] Premium chart embed -> landed on: https://www.equibase.com/premium/chartEmb.cfm?track=KEE&raceDate=04/07/2023&cy=USA
2026-04-04 23:59:20,019 [INFO] Premium chart embed: No data detected. Page text: 
2026-04-04 23:59:20,024 [INFO] Trying premium chart index: https://www.equibase.com/premium/eqbPDFChartPlusIndex.cfm?tid=KEE&dt=04/07/2023&ctry=USA
2026-04-04 23:59:23,669 [INFO] Premium chart index -> landed on: https://www.equibase.com/premium/eqbPDFChartPlusIndex.cfm?tid=KEE&dt=04/07/2023&ctry=USA
2026-04-04 23:59:23,713 [INFO] Premium chart index: No data detected. Page text: 
2026-04-04 23:59:23,713 [WARNING] All navigation attempts failed for KEE 2023-04-07
2026-04-04 23:59:37,012 [INFO] 
==================================================
2026-04-04 23:59:37,015 [INFO] DONE | Pages: 1 | Entries: 0 | PDFs: 0 | Errors: 0
2026-04-04 23:59:37,018 [INFO] Output: test_scrape.csv
2026-04-04 23:59:37,021 [INFO] ==================================================
2026-04-05 00:04:53,275 [INFO] Targets: 1 | Est: 0.0h | Tracks: 1
2026-04-05 00:04:53,279 [INFO] Targets: 1 total, 0 done, 1 remaining
2026-04-05 00:04:54,845 [INFO] Connecting to running Chrome at http://localhost:9222...
2026-04-05 00:04:55,209 [WARNING] Could not connect to Chrome at http://localhost:9222: BrowserType.connect_over_cdp: connect ECONNREFUSED ::1:9222
Call log:
  - <ws preparing> retrieving websocket url from http://localhost:9222

2026-04-05 00:04:55,210 [WARNING] Make sure Chrome is running with: chrome.exe --remote-debugging-port=9222
2026-04-05 00:04:55,210 [WARNING] Falling back to fresh Playwright browser (bot detection likely)
2026-04-05 00:04:57,774 [INFO] Fresh browser launched | UA: ...ke Gecko) Chrome/121.0.0.0 Safari/537.36 | Viewport: 1440x900
2026-04-05 00:04:57,775 [INFO] [KEE 2023-04-07] Trying summary URL: https://www.equibase.com/static/chart/summary/KEE040723USA-EQB.html
2026-04-05 00:05:03,147 [INFO] Summary -> landed on: https://www.equibase.com/static/chart/summary/KEE040723USA-EQB.html
2026-04-05 00:05:03,360 [INFO] Summary: No data detected. Page text: 
2026-04-05 00:05:03,361 [INFO] Trying race card index: https://www.equibase.com/static/chart/summary/RaceCardIndexKEE040723USA-EQB.html
2026-04-05 00:05:06,124 [INFO] Race card index -> landed on: https://www.equibase.com/static/chart/summary/RaceCardIndexKEE040723USA-EQB.html
2026-04-05 00:05:06,155 [INFO] Race card index: No data detected. Page text: 404 Not Found nginx
2026-04-05 00:05:06,156 [INFO] Trying premium chart embed: https://www.equibase.com/premium/chartEmb.cfm?track=KEE&raceDate=04/07/2023&cy=USA
2026-04-05 00:05:16,190 [INFO] Premium chart embed -> landed on: https://www.equibase.com/premium/chartEmb.cfm?track=KEE&raceDate=04/07/2023&cy=USA
2026-04-05 00:05:16,243 [INFO] Premium chart embed: Page has data! (2389 chars)
2026-04-05 00:05:17,801 [INFO] Extracting from: https://www.equibase.com/premium/chartEmb.cfm?track=KEE&raceDate=04/07/2023&cy=USA
2026-04-05 00:05:17,821 [INFO] Testing PDF URL: https://www.equibase.com/static/chart/pdf/KEE040723USA1.pdf
2026-04-05 00:05:18,258 [INFO] Testing PDF URL: https://www.equibase.com/static/chart/2023/usa/kee/20230407-usa-kee-1-d.standard.pdf
2026-04-05 00:05:19,080 [INFO] Found 0 race blocks and 0 result tables
2026-04-05 00:05:19,082 [INFO] Trying Equibase summary page: https://www.equibase.com/static/chart/summary/KEE040723USA-EQB.html
2026-04-05 00:05:22,599 [INFO] Summary page landed on: https://www.equibase.com/static/chart/summary/KEE040723USA-EQB.html
2026-04-05 00:05:22,671 [INFO] Found 0 race blocks and 0 result tables
2026-04-05 00:05:22,702 [WARNING] Page diagnostics — URL: https://www.equibase.com/static/chart/summary/KEE040723USA-EQB.html
2026-04-05 00:05:22,706 [WARNING]   Title: 404 Not Found
2026-04-05 00:05:22,707 [WARNING]   Tables found: 0
2026-04-05 00:05:26,299 [INFO] 
==================================================
2026-04-05 00:05:26,300 [INFO] DONE | Pages: 1 | Entries: 0 | PDFs: 0 | Errors: 0
2026-04-05 00:05:26,301 [INFO] Output: test_scrape.csv
2026-04-05 00:05:26,301 [INFO] ==================================================
